<?xml version="1.0" encoding="UTF-8"?>
<testng-results skipped="0" failed="0" total="3" passed="3">
  <reporter-output>
  </reporter-output>
  <suite name="Default suite" duration-ms="41693" started-at="2019-12-13T11:33:26Z" finished-at="2019-12-13T11:34:08Z">
    <groups>
    </groups>
    <test name="Default test" duration-ms="41693" started-at="2019-12-13T11:33:26Z" finished-at="2019-12-13T11:34:08Z">
      <class name="demoWebDrivermethods.CS3registration">
        <test-method status="PASS" signature="beforeClass()[pri:0, instance:demoWebDrivermethods.CS3registration@28d25987]" name="beforeClass" is-config="true" duration-ms="12621" started-at="2019-12-13T17:03:26Z" finished-at="2019-12-13T17:03:39Z">
          <reporter-output>
          </reporter-output>
        </test-method> <!-- beforeClass -->
        <test-method status="PASS" signature="f()[pri:1, instance:demoWebDrivermethods.CS3registration@28d25987]" name="f" duration-ms="4148" started-at="2019-12-13T17:03:39Z" finished-at="2019-12-13T17:03:43Z">
          <reporter-output>
          </reporter-output>
        </test-method> <!-- f -->
        <test-method status="PASS" signature="f1()[pri:1, instance:demoWebDrivermethods.CS3registration@28d25987]" name="f1" duration-ms="6435" started-at="2019-12-13T17:03:43Z" finished-at="2019-12-13T17:03:50Z">
          <reporter-output>
          </reporter-output>
        </test-method> <!-- f1 -->
        <test-method status="PASS" signature="f2()[pri:2, instance:demoWebDrivermethods.CS3registration@28d25987]" name="f2" duration-ms="18464" started-at="2019-12-13T17:03:50Z" finished-at="2019-12-13T17:04:08Z">
          <reporter-output>
          </reporter-output>
        </test-method> <!-- f2 -->
      </class> <!-- demoWebDrivermethods.CS3registration -->
    </test> <!-- Default test -->
  </suite> <!-- Default suite -->
</testng-results>
